{
  "RSpec": {
    "coverage": {
      "/Users/diegosinay/GitHub/andes-touring/app/mailers/application_mailer.rb": [
        null,
        null,
        null,
        0,
        0,
        0,
        0
      ],
      "/Users/diegosinay/GitHub/andes-touring/app/models/application_record.rb": [
        null,
        null,
        null,
        0,
        0,
        0
      ],
      "/Users/diegosinay/GitHub/andes-touring/app/jobs/application_job.rb": [
        null,
        null,
        null,
        0,
        null,
        null,
        null,
        null,
        null,
        0
      ],
      "/Users/diegosinay/GitHub/andes-touring/app/controllers/application_controller.rb": [
        null,
        null,
        null,
        0,
        0
      ],
      "/Users/diegosinay/GitHub/andes-touring/app/controllers/home_controller.rb": [
        null,
        null,
        null,
        0,
        0,
        0
      ],
      "/Users/diegosinay/GitHub/andes-touring/app/helpers/application_helper.rb": [
        null,
        null,
        null,
        0,
        0
      ],
      "/Users/diegosinay/GitHub/andes-touring/app/channels/application_cable/connection.rb": [
        null,
        null,
        0,
        null,
        0,
        0,
        0
      ],
      "/Users/diegosinay/GitHub/andes-touring/app/channels/application_cable/channel.rb": [
        null,
        null,
        0,
        null,
        0,
        0,
        0
      ]
    },
    "timestamp": 1558841484
  }
}
